<?xml version="1.0" encoding="UTF-8"?>
<testng-results ignored="0" total="2" passed="2" failed="0" skipped="0">
  <reporter-output>
  </reporter-output>
  <suite started-at="2022-12-10T14:11:43 IST" name="Default suite" finished-at="2022-12-10T14:11:47 IST" duration-ms="4869">
    <groups>
    </groups>
    <test started-at="2022-12-10T14:11:43 IST" name="Default test" finished-at="2022-12-10T14:11:47 IST" duration-ms="4869">
      <class name="chaining.week3.jiraexercise.DeleteJIRAid">
        <test-method is-config="true" signature="setup()[pri:0, instance:chaining.week3.jiraexercise.DeleteJIRAid@4ef37659]" started-at="2022-12-10T14:11:46 IST" name="setup" finished-at="2022-12-10T14:11:46 IST" duration-ms="1" status="PASS">
          <reporter-output>
          </reporter-output>
        </test-method> <!-- setup -->
        <test-method signature="deleteJIRA()[pri:0, instance:chaining.week3.jiraexercise.DeleteJIRAid@4ef37659]" started-at="2022-12-10T14:11:46 IST" name="deleteJIRA" finished-at="2022-12-10T14:11:47 IST" depends-on-methods="chaining.week3.jiraexercise.CreateJIRAid.testCreateid" duration-ms="1234" status="PASS">
          <reporter-output>
          </reporter-output>
        </test-method> <!-- deleteJIRA -->
        <test-method is-config="true" signature="teardown()[pri:0, instance:chaining.week3.jiraexercise.DeleteJIRAid@4ef37659]" started-at="2022-12-10T14:11:47 IST" name="teardown" finished-at="2022-12-10T14:11:47 IST" duration-ms="3" status="PASS">
          <reporter-output>
          </reporter-output>
        </test-method> <!-- teardown -->
      </class> <!-- chaining.week3.jiraexercise.DeleteJIRAid -->
      <class name="chaining.week3.jiraexercise.CreateJIRAid">
        <test-method is-config="true" signature="setup()[pri:0, instance:chaining.week3.jiraexercise.CreateJIRAid@776b83cc]" started-at="2022-12-10T14:11:43 IST" name="setup" finished-at="2022-12-10T14:11:43 IST" duration-ms="530" status="PASS">
          <reporter-output>
          </reporter-output>
        </test-method> <!-- setup -->
        <test-method signature="testCreateid()[pri:0, instance:chaining.week3.jiraexercise.CreateJIRAid@776b83cc]" started-at="2022-12-10T14:11:43 IST" name="testCreateid" finished-at="2022-12-10T14:11:46 IST" duration-ms="3042" status="PASS">
          <reporter-output>
          </reporter-output>
        </test-method> <!-- testCreateid -->
        <test-method is-config="true" signature="teardown()[pri:0, instance:chaining.week3.jiraexercise.CreateJIRAid@776b83cc]" started-at="2022-12-10T14:11:46 IST" name="teardown" finished-at="2022-12-10T14:11:46 IST" duration-ms="22" status="PASS">
          <reporter-output>
          </reporter-output>
        </test-method> <!-- teardown -->
      </class> <!-- chaining.week3.jiraexercise.CreateJIRAid -->
    </test> <!-- Default test -->
  </suite> <!-- Default suite -->
</testng-results>
